<?xml version="1.0" encoding="UTF-8"?>
<testng-results total="1" passed="1" failed="0" skipped="0">
  <reporter-output>
  </reporter-output>
  <suite started-at="2022-09-23T11:39:25Z" name="Default suite" finished-at="2022-09-23T11:39:41Z" duration-ms="15561">
    <groups>
    </groups>
    <test started-at="2022-09-23T11:39:25Z" name="Default test" finished-at="2022-09-23T11:39:41Z" duration-ms="15561">
      <class name="Touch2.TC001">
        <test-method signature="tc001()[pri:0, instance:Touch2.TC001@50de186c]" started-at="2022-09-23T17:09:25Z" name="tc001" finished-at="2022-09-23T17:09:40Z" duration-ms="15493" status="PASS">
          <reporter-output>
          </reporter-output>
        </test-method> <!-- tc001 -->
      </class> <!-- Touch2.TC001 -->
    </test> <!-- Default test -->
  </suite> <!-- Default suite -->
</testng-results>
